TN:
SF:/mnt/c/Users/nigna/Documents/assessments/andela/wayfarer/server/server.js
FN:19,(anonymous_0)
FN:29,(anonymous_1)
FN:41,(anonymous_2)
FN:45,(anonymous_3)
FN:48,(anonymous_4)
FNF:5
FNH:4
FNDA:43,(anonymous_0)
FNDA:3,(anonymous_1)
FNDA:1,(anonymous_2)
FNDA:0,(anonymous_3)
FNDA:1,(anonymous_4)
DA:1,1
DA:2,1
DA:3,1
DA:4,1
DA:5,1
DA:6,1
DA:7,1
DA:9,1
DA:10,1
DA:12,1
DA:13,1
DA:14,1
DA:15,1
DA:16,1
DA:18,1
DA:19,1
DA:20,43
DA:21,43
DA:22,43
DA:23,0
DA:24,0
DA:26,43
DA:29,1
DA:30,3
DA:38,3
DA:41,1
DA:43,1
DA:44,1
DA:45,1
DA:48,1
DA:50,1
LF:31
LH:29
BRDA:10,0,0,1
BRDA:10,0,1,1
BRDA:22,1,0,0
BRDA:22,1,1,43
BRF:4
BRH:3
end_of_record
TN:
SF:/mnt/c/Users/nigna/Documents/assessments/andela/wayfarer/server/v1/passport.js
FN:9,(anonymous_0)
FN:13,_callee
FNF:2
FNH:2
FNDA:29,(anonymous_0)
FNDA:84,_callee
DA:1,1
DA:2,1
DA:3,1
DA:4,1
DA:6,1
DA:9,30
DA:13,448
DA:16,28
DA:22,28
DA:24,0
LF:10
LH:9
BRDA:13,0,0,28
BRDA:13,0,1,28
BRDA:13,0,2,28
BRDA:13,0,3,0
BRDA:13,0,4,28
BRDA:13,0,5,28
BRDA:13,1,0,28
BRDA:13,1,1,0
BRF:8
BRH:6
end_of_record
TN:
SF:/mnt/c/Users/nigna/Documents/assessments/andela/wayfarer/server/v1/config/index.js
FNF:0
FNH:0
DA:1,1
LF:1
LH:1
BRF:0
BRH:0
end_of_record
TN:
SF:/mnt/c/Users/nigna/Documents/assessments/andela/wayfarer/server/v1/controllers/bookings.js
FN:12,formatBooking
FN:25,createBooking
FN:49,(anonymous_3)
FN:55,(anonymous_4)
FNF:4
FNH:3
FNDA:5,formatBooking
FNDA:10,createBooking
FNDA:0,(anonymous_3)
FNDA:3,(anonymous_4)
DA:1,1
DA:2,1
DA:3,1
DA:4,1
DA:5,1
DA:12,1
DA:13,5
DA:22,5
DA:25,1
DA:31,4
DA:32,4
DA:33,4
DA:34,4
DA:35,3
DA:37,1
DA:38,1
DA:47,1
DA:48,1
DA:49,0
DA:51,1
DA:52,0
DA:54,1
DA:55,1
DA:56,3
DA:57,3
DA:59,1
DA:67,3
DA:68,3
DA:69,3
DA:70,1
DA:72,2
DA:73,2
DA:74,2
DA:75,1
DA:76,0
DA:78,1
DA:79,1
DA:81,1
DA:89,1
DA:90,1
DA:91,1
DA:92,0
DA:94,1
DA:95,1
DA:96,1
DA:97,1
DA:98,0
DA:100,1
DA:101,1
DA:102,1
DA:103,0
DA:105,1
DA:106,1
DA:107,1
DA:109,0
DA:117,1
DA:118,1
DA:119,1
DA:120,0
DA:122,1
DA:123,1
DA:124,1
DA:125,1
DA:126,0
DA:128,1
DA:129,1
DA:131,0
DA:135,1
LF:68
LH:58
BRDA:34,0,0,3
BRDA:34,0,1,1
BRDA:48,1,0,0
BRDA:48,1,1,1
BRDA:51,2,0,0
BRDA:51,2,1,1
BRDA:69,3,0,1
BRDA:69,3,1,2
BRDA:74,4,0,1
BRDA:74,4,1,1
BRDA:75,5,0,0
BRDA:75,5,1,1
BRDA:75,6,0,1
BRDA:75,6,1,1
BRDA:91,7,0,0
BRDA:91,7,1,1
BRDA:96,8,0,1
BRDA:96,8,1,0
BRDA:97,9,0,0
BRDA:97,9,1,1
BRDA:97,10,0,1
BRDA:97,10,1,1
BRDA:102,11,0,0
BRDA:102,11,1,1
BRDA:119,12,0,0
BRDA:119,12,1,1
BRDA:124,13,0,1
BRDA:124,13,1,0
BRDA:125,14,0,0
BRDA:125,14,1,1
BRDA:125,15,0,1
BRDA:125,15,1,1
BRF:32
BRH:22
end_of_record
TN:
SF:/mnt/c/Users/nigna/Documents/assessments/andela/wayfarer/server/v1/controllers/trips.js
FN:6,createTrip
FN:35,(anonymous_2)
FN:38,(anonymous_3)
FNF:3
FNH:1
FNDA:14,createTrip
FNDA:0,(anonymous_2)
FNDA:0,(anonymous_3)
DA:1,1
DA:2,1
DA:3,1
DA:4,1
DA:6,1
DA:12,6
DA:13,6
DA:14,6
DA:15,6
DA:16,5
DA:18,1
DA:19,0
DA:21,1
DA:22,1
DA:30,1
DA:31,1
DA:32,1
DA:33,1
DA:34,1
DA:35,0
DA:37,1
DA:38,0
DA:40,1
DA:41,0
DA:43,1
DA:45,0
DA:54,3
DA:56,3
DA:57,3
DA:59,1
DA:61,2
DA:62,2
DA:63,2
DA:64,1
DA:66,1
DA:74,2
DA:75,2
DA:76,2
DA:77,0
DA:79,2
DA:80,0
DA:82,2
DA:83,2
DA:84,2
DA:85,1
DA:86,1
DA:87,1
DA:88,0
DA:90,1
DA:91,1
DA:93,1
DA:101,0
DA:102,0
DA:103,0
DA:104,0
DA:106,0
DA:107,0
DA:109,0
DA:110,0
DA:111,0
DA:112,0
DA:113,0
DA:114,0
DA:116,0
DA:124,2
DA:125,2
DA:126,2
DA:127,0
DA:129,2
DA:130,0
DA:132,2
DA:133,2
DA:134,2
DA:135,1
DA:136,1
DA:138,1
DA:141,1
LF:77
LH:54
BRDA:15,0,0,5
BRDA:15,0,1,1
BRDA:18,1,0,0
BRDA:18,1,1,1
BRDA:34,2,0,0
BRDA:34,2,1,1
BRDA:37,3,0,0
BRDA:37,3,1,1
BRDA:40,4,0,0
BRDA:40,4,1,1
BRDA:57,5,0,1
BRDA:57,5,1,2
BRDA:63,6,0,1
BRDA:63,6,1,1
BRDA:76,7,0,0
BRDA:76,7,1,2
BRDA:79,8,0,0
BRDA:79,8,1,2
BRDA:84,9,0,1
BRDA:84,9,1,1
BRDA:87,10,0,0
BRDA:87,10,1,1
BRDA:103,11,0,0
BRDA:103,11,1,0
BRDA:106,12,0,0
BRDA:106,12,1,0
BRDA:112,13,0,0
BRDA:112,13,1,0
BRDA:126,14,0,0
BRDA:126,14,1,2
BRDA:129,15,0,0
BRDA:129,15,1,2
BRDA:134,16,0,1
BRDA:134,16,1,1
BRF:34
BRH:19
end_of_record
TN:
SF:/mnt/c/Users/nigna/Documents/assessments/andela/wayfarer/server/v1/controllers/users.js
FN:4,getAllUsers
FNF:1
FNH:1
FNDA:4,getAllUsers
DA:1,1
DA:4,1
DA:12,1
DA:13,0
DA:15,1
DA:16,1
DA:17,0
DA:19,1
DA:28,3
DA:29,0
DA:31,3
DA:32,3
DA:33,3
DA:34,1
DA:36,2
DA:40,1
LF:16
LH:13
BRDA:12,0,0,0
BRDA:12,0,1,1
BRDA:16,1,0,0
BRDA:16,1,1,1
BRDA:28,2,0,0
BRDA:28,2,1,3
BRDA:33,3,0,1
BRDA:33,3,1,2
BRF:8
BRH:5
end_of_record
TN:
SF:/mnt/c/Users/nigna/Documents/assessments/andela/wayfarer/server/v1/controllers/auth/signin.js
FN:6,signIn
FN:20,(anonymous_1)
FNF:2
FNH:2
FNDA:6,signIn
FNDA:9,(anonymous_1)
DA:1,1
DA:2,1
DA:3,1
DA:6,1
DA:12,6
DA:13,6
DA:14,6
DA:15,6
DA:17,3
DA:20,9
DA:22,6
DA:23,3
DA:26,3
DA:28,3
DA:29,2
DA:31,1
DA:32,1
DA:33,1
DA:36,1
LF:19
LH:19
BRDA:15,0,0,3
BRDA:15,0,1,3
BRDA:22,1,0,3
BRDA:22,1,1,3
BRDA:28,2,0,2
BRDA:28,2,1,1
BRF:6
BRH:6
end_of_record
TN:
SF:/mnt/c/Users/nigna/Documents/assessments/andela/wayfarer/server/v1/controllers/auth/signup.js
FN:5,signUp
FN:17,(anonymous_1)
FNF:2
FNH:2
FNDA:5,signUp
FNDA:8,(anonymous_1)
DA:1,1
DA:2,1
DA:3,1
DA:5,1
DA:11,5
DA:12,5
DA:13,5
DA:14,5
DA:15,4
DA:17,8
DA:18,3
DA:20,2
DA:21,2
DA:22,2
DA:23,2
DA:26,1
LF:16
LH:16
BRDA:14,0,0,4
BRDA:14,0,1,1
BRDA:17,1,0,3
BRDA:17,1,1,2
BRF:4
BRH:4
end_of_record
TN:
SF:/mnt/c/Users/nigna/Documents/assessments/andela/wayfarer/server/v1/helpers/bookingValidators.js
FN:3,validateNewBooking
FN:11,validateUpdateBooking
FNF:2
FNH:2
FNDA:4,validateNewBooking
FNDA:1,validateUpdateBooking
DA:1,1
DA:3,1
DA:4,4
DA:9,4
DA:11,1
DA:12,1
DA:15,1
DA:17,1
LF:8
LH:8
BRF:0
BRH:0
end_of_record
TN:
SF:/mnt/c/Users/nigna/Documents/assessments/andela/wayfarer/server/v1/helpers/idValidator.js
FN:3,tripIdValidator
FN:9,bookingIdValidator
FNF:2
FNH:2
FNDA:7,tripIdValidator
FNDA:5,bookingIdValidator
DA:1,1
DA:3,1
DA:4,7
DA:7,7
DA:9,1
DA:10,5
DA:13,5
DA:15,1
LF:8
LH:8
BRF:0
BRH:0
end_of_record
TN:
SF:/mnt/c/Users/nigna/Documents/assessments/andela/wayfarer/server/v1/helpers/responseHelpers.js
FN:1,responseError
FNF:1
FNH:1
FNDA:2,responseError
DA:1,3
DA:3,1
LF:2
LH:2
BRF:0
BRH:0
end_of_record
TN:
SF:/mnt/c/Users/nigna/Documents/assessments/andela/wayfarer/server/v1/helpers/signToken.js
FN:4,signToken
FNF:1
FNH:1
FNDA:6,signToken
DA:1,1
DA:2,1
DA:4,1
DA:5,6
DA:12,1
LF:5
LH:5
BRF:0
BRH:0
end_of_record
TN:
SF:/mnt/c/Users/nigna/Documents/assessments/andela/wayfarer/server/v1/helpers/signinValidators.js
FN:3,validateSignin
FNF:1
FNH:1
FNDA:6,validateSignin
DA:1,1
DA:3,1
DA:4,6
DA:8,6
DA:10,1
LF:5
LH:5
BRF:0
BRH:0
end_of_record
TN:
SF:/mnt/c/Users/nigna/Documents/assessments/andela/wayfarer/server/v1/helpers/signupValidators.js
FN:3,validateSignup
FNF:1
FNH:1
FNDA:5,validateSignup
DA:1,1
DA:3,1
DA:4,5
DA:10,5
DA:12,1
LF:5
LH:5
BRF:0
BRH:0
end_of_record
TN:
SF:/mnt/c/Users/nigna/Documents/assessments/andela/wayfarer/server/v1/helpers/tripValidators.js
FN:3,validateNewTrip
FN:14,validateUpdateTrip
FNF:2
FNH:2
FNDA:6,validateNewTrip
FNDA:1,validateUpdateTrip
DA:1,1
DA:3,1
DA:4,6
DA:12,6
DA:14,1
DA:15,1
DA:21,1
DA:23,1
LF:8
LH:8
BRF:0
BRH:0
end_of_record
TN:
SF:/mnt/c/Users/nigna/Documents/assessments/andela/wayfarer/server/v1/models/bookingModel.js
FN:8,Booking
FN:31,book
FN:47,getOneBooking
FN:48,(anonymous_4)
FN:55,getAllBookings
FN:63,updateBooking
FN:74,deleteBooking
FNF:7
FNH:7
FNDA:1,Booking
FNDA:4,book
FNDA:6,getOneBooking
FNDA:30,(anonymous_4)
FNDA:1,getAllBookings
FNDA:1,updateBooking
FNDA:1,deleteBooking
DA:1,1
DA:8,1
DA:9,1
DA:32,4
DA:39,4
DA:40,4
DA:48,30
DA:56,1
DA:64,1
DA:65,1
DA:66,1
DA:67,1
DA:75,1
DA:76,1
DA:77,1
DA:78,1
DA:81,1
LF:17
LH:17
BRDA:66,0,0,1
BRDA:66,0,1,0
BRF:2
BRH:1
end_of_record
TN:
SF:/mnt/c/Users/nigna/Documents/assessments/andela/wayfarer/server/v1/models/tripModel.js
FN:8,Trip
FN:37,createTrip
FN:56,getOneTrip
FN:57,(anonymous_4)
FN:63,getAllTrips
FN:72,updateTrip
FN:91,deleteTrip
FNF:7
FNH:7
FNDA:1,Trip
FNDA:4,createTrip
FNDA:18,getOneTrip
FNDA:55,(anonymous_4)
FNDA:1,getAllTrips
FNDA:1,updateTrip
FNDA:1,deleteTrip
DA:1,1
DA:8,1
DA:9,1
DA:38,4
DA:48,4
DA:49,4
DA:57,55
DA:64,1
DA:73,1
DA:74,1
DA:75,1
DA:84,1
DA:92,1
DA:95,1
DA:96,1
DA:97,1
DA:100,1
LF:17
LH:17
BRDA:39,0,0,4
BRDA:39,0,1,4
BRDA:76,1,0,1
BRDA:76,1,1,0
BRDA:77,2,0,1
BRDA:77,2,1,0
BRDA:78,3,0,1
BRDA:78,3,1,1
BRDA:79,4,0,1
BRDA:79,4,1,1
BRDA:80,5,0,1
BRDA:80,5,1,0
BRDA:81,6,0,1
BRDA:81,6,1,0
BRDA:82,7,0,1
BRDA:82,7,1,1
BRF:16
BRH:12
end_of_record
TN:
SF:/mnt/c/Users/nigna/Documents/assessments/andela/wayfarer/server/v1/models/userModel.js
FN:6,User
FN:31,createUser
FN:48,getOneUser
FN:49,(anonymous_4)
FN:55,getAllUsers
FN:64,updateUser
FN:82,deleteUser
FNF:7
FNH:5
FNDA:1,User
FNDA:3,createUser
FNDA:46,getOneUser
FNDA:70,(anonymous_4)
FNDA:12,getAllUsers
FNDA:0,updateUser
FNDA:0,deleteUser
DA:6,1
DA:7,1
DA:32,3
DA:40,3
DA:41,3
DA:49,70
DA:56,12
DA:65,0
DA:66,0
DA:67,0
DA:75,0
DA:83,0
DA:86,0
DA:87,0
DA:88,0
DA:91,1
LF:16
LH:8
BRDA:38,0,0,3
BRDA:38,0,1,2
BRDA:69,1,0,0
BRDA:69,1,1,0
BRDA:70,2,0,0
BRDA:70,2,1,0
BRDA:71,3,0,0
BRDA:71,3,1,0
BRDA:72,4,0,0
BRDA:72,4,1,0
BRDA:73,5,0,0
BRDA:73,5,1,0
BRF:12
BRH:2
end_of_record
TN:
SF:/mnt/c/Users/nigna/Documents/assessments/andela/wayfarer/server/v1/routes/index.js
FN:12,passportJWT
FN:14,(anonymous_1)
FNF:2
FNH:2
FNDA:28,passportJWT
FNDA:28,(anonymous_1)
DA:1,1
DA:2,1
DA:3,1
DA:4,1
DA:5,1
DA:6,1
DA:7,1
DA:9,1
DA:11,1
DA:12,1
DA:14,28
DA:15,28
DA:16,28
DA:17,28
DA:18,28
DA:24,1
DA:26,1
DA:29,1
DA:30,1
DA:33,1
DA:34,1
DA:35,1
DA:36,1
DA:37,1
DA:38,1
DA:41,1
DA:42,1
DA:43,1
DA:44,1
DA:45,1
DA:48,1
LF:31
LH:31
BRDA:15,0,0,0
BRDA:15,0,1,28
BRDA:16,1,0,0
BRDA:16,1,1,28
BRF:4
BRH:2
end_of_record
