TN:
SF:/mnt/c/Users/nigna/Documents/assessments/andela/wayfarer/server/server.js
FN:21,(anonymous_0)
FN:36,(anonymous_1)
FN:39,(anonymous_2)
FN:45,(anonymous_3)
FNF:4
FNH:2
FNDA:53,(anonymous_0)
FNDA:0,(anonymous_1)
FNDA:0,(anonymous_2)
FNDA:1,(anonymous_3)
DA:1,1
DA:2,1
DA:3,1
DA:4,1
DA:5,1
DA:6,1
DA:7,1
DA:8,1
DA:10,1
DA:11,1
DA:12,1
DA:14,1
DA:15,1
DA:16,1
DA:17,1
DA:18,1
DA:20,1
DA:21,1
DA:22,53
DA:23,53
DA:24,53
DA:25,0
DA:26,0
DA:28,53
DA:31,1
DA:32,1
DA:33,1
DA:36,1
DA:39,1
DA:40,0
DA:41,0
DA:45,1
DA:47,1
LF:33
LH:29
BRDA:11,0,0,1
BRDA:11,0,1,1
BRDA:24,1,0,0
BRDA:24,1,1,53
BRDA:40,2,0,0
BRDA:40,2,1,0
BRDA:40,3,0,0
BRDA:40,3,1,0
BRF:8
BRH:3
end_of_record
TN:
SF:/mnt/c/Users/nigna/Documents/assessments/andela/wayfarer/server/v1/config/index.js
FNF:0
FNH:0
DA:1,1
LF:1
LH:1
BRF:0
BRH:0
end_of_record
TN:
SF:/mnt/c/Users/nigna/Documents/assessments/andela/wayfarer/server/v1/controllers/bookings.js
FN:7,formatBooking
FN:20,createBooking
FN:27,(anonymous_2)
FN:35,getAllBookings
FN:38,(anonymous_4)
FN:44,(anonymous_5)
FN:52,getOneBooking
FN:69,updateBooking
FN:88,deleteBooking
FNF:9
FNH:8
FNDA:3,formatBooking
FNDA:1,createBooking
FNDA:1,(anonymous_2)
FNDA:1,getAllBookings
FNDA:0,(anonymous_4)
FNDA:1,(anonymous_5)
FNDA:3,getOneBooking
FNDA:2,updateBooking
FNDA:2,deleteBooking
DA:1,1
DA:2,1
DA:3,1
DA:4,1
DA:5,1
DA:7,1
DA:8,3
DA:17,3
DA:20,1
DA:21,1
DA:22,1
DA:23,1
DA:24,1
DA:25,0
DA:27,1
DA:28,0
DA:30,1
DA:31,1
DA:35,1
DA:36,1
DA:37,1
DA:38,0
DA:40,1
DA:41,0
DA:43,1
DA:44,1
DA:45,1
DA:46,1
DA:48,1
DA:52,3
DA:53,3
DA:54,3
DA:55,1
DA:57,2
DA:58,2
DA:59,2
DA:60,1
DA:61,0
DA:63,1
DA:64,1
DA:66,1
DA:69,2
DA:70,2
DA:71,2
DA:72,0
DA:74,2
DA:75,2
DA:76,2
DA:77,1
DA:78,0
DA:80,1
DA:81,1
DA:82,1
DA:83,1
DA:85,1
DA:88,2
DA:89,2
DA:90,2
DA:91,1
DA:93,1
DA:94,1
DA:95,1
DA:96,1
DA:97,0
DA:99,1
DA:100,1
DA:102,0
DA:105,1
LF:68
LH:59
BRDA:24,0,0,0
BRDA:24,0,1,1
BRDA:24,1,0,1
BRDA:24,1,1,1
BRDA:27,2,0,0
BRDA:27,2,1,1
BRDA:37,3,0,0
BRDA:37,3,1,1
BRDA:40,4,0,0
BRDA:40,4,1,1
BRDA:54,5,0,1
BRDA:54,5,1,2
BRDA:59,6,0,1
BRDA:59,6,1,1
BRDA:60,7,0,0
BRDA:60,7,1,1
BRDA:60,8,0,1
BRDA:60,8,1,0
BRDA:71,9,0,0
BRDA:71,9,1,2
BRDA:76,10,0,1
BRDA:76,10,1,1
BRDA:77,11,0,0
BRDA:77,11,1,1
BRDA:90,12,0,1
BRDA:90,12,1,1
BRDA:95,13,0,1
BRDA:95,13,1,0
BRDA:96,14,0,0
BRDA:96,14,1,1
BRF:30
BRH:20
end_of_record
TN:
SF:/mnt/c/Users/nigna/Documents/assessments/andela/wayfarer/server/v1/controllers/trips.js
FN:5,createTrip
FN:11,getAllTrips
FN:17,(anonymous_2)
FN:20,(anonymous_3)
FN:23,(anonymous_4)
FN:34,getOneTrip
FN:50,updateTrip
FN:65,cancelTrip
FN:80,deleteTrip
FNF:9
FNH:8
FNDA:1,createTrip
FNDA:3,getAllTrips
FNDA:1,(anonymous_2)
FNDA:1,(anonymous_3)
FNDA:0,(anonymous_4)
FNDA:3,getOneTrip
FNDA:3,updateTrip
FNDA:3,cancelTrip
FNDA:3,deleteTrip
DA:1,1
DA:2,1
DA:3,1
DA:5,1
DA:6,1
DA:7,1
DA:8,1
DA:11,1
DA:12,3
DA:13,3
DA:14,3
DA:15,3
DA:16,3
DA:17,1
DA:19,3
DA:20,1
DA:22,3
DA:23,0
DA:25,3
DA:26,1
DA:28,2
DA:30,0
DA:34,3
DA:35,3
DA:36,3
DA:37,1
DA:39,2
DA:40,2
DA:41,2
DA:42,0
DA:44,2
DA:45,1
DA:47,1
DA:50,3
DA:51,3
DA:52,3
DA:53,3
DA:54,1
DA:56,2
DA:57,2
DA:58,1
DA:59,1
DA:60,1
DA:62,1
DA:65,3
DA:66,3
DA:67,3
DA:68,1
DA:70,2
DA:71,2
DA:72,2
DA:73,2
DA:74,1
DA:75,1
DA:77,1
DA:80,3
DA:81,3
DA:82,3
DA:83,1
DA:85,2
DA:86,2
DA:87,2
DA:88,1
DA:89,1
DA:91,1
DA:94,1
LF:66
LH:63
BRDA:16,0,0,1
BRDA:16,0,1,2
BRDA:19,1,0,1
BRDA:19,1,1,2
BRDA:22,2,0,0
BRDA:22,2,1,3
BRDA:25,3,0,1
BRDA:25,3,1,2
BRDA:36,4,0,1
BRDA:36,4,1,2
BRDA:41,5,0,0
BRDA:41,5,1,2
BRDA:41,6,0,2
BRDA:41,6,1,0
BRDA:44,7,0,1
BRDA:44,7,1,1
BRDA:53,8,0,1
BRDA:53,8,1,2
BRDA:57,9,0,1
BRDA:57,9,1,1
BRDA:67,10,0,1
BRDA:67,10,1,2
BRDA:73,11,0,1
BRDA:73,11,1,1
BRDA:82,12,0,1
BRDA:82,12,1,2
BRDA:87,13,0,1
BRDA:87,13,1,1
BRF:28
BRH:25
end_of_record
TN:
SF:/mnt/c/Users/nigna/Documents/assessments/andela/wayfarer/server/v1/controllers/users.js
FN:5,getAllUsers
FN:14,getOneUser
FNF:2
FNH:2
FNDA:1,getAllUsers
FNDA:3,getOneUser
DA:1,1
DA:2,1
DA:5,1
DA:6,1
DA:7,1
DA:8,0
DA:10,1
DA:14,1
DA:15,3
DA:16,3
DA:17,3
DA:18,1
DA:20,2
DA:23,1
LF:14
LH:13
BRDA:7,0,0,0
BRDA:7,0,1,1
BRDA:17,1,0,1
BRDA:17,1,1,2
BRF:4
BRH:3
end_of_record
TN:
SF:/mnt/c/Users/nigna/Documents/assessments/andela/wayfarer/server/v1/controllers/auth/signin.js
FN:5,signIn
FN:7,(anonymous_1)
FNF:2
FNH:2
FNDA:6,signIn
FNDA:6,(anonymous_1)
DA:1,1
DA:2,1
DA:3,1
DA:5,1
DA:6,6
DA:7,6
DA:8,6
DA:9,1
DA:11,5
DA:12,5
DA:13,1
DA:15,4
DA:16,4
DA:17,4
DA:18,4
DA:19,4
DA:21,4
DA:24,1
LF:18
LH:18
BRDA:8,0,0,1
BRDA:8,0,1,5
BRDA:12,1,0,1
BRDA:12,1,1,4
BRDA:18,2,0,4
BRDA:18,2,1,0
BRF:6
BRH:5
end_of_record
TN:
SF:/mnt/c/Users/nigna/Documents/assessments/andela/wayfarer/server/v1/controllers/auth/signup.js
FN:9,signUp
FN:11,(anonymous_1)
FNF:2
FNH:2
FNDA:2,signUp
FNDA:1,(anonymous_1)
DA:1,1
DA:2,1
DA:3,1
DA:4,1
DA:7,1
DA:9,1
DA:10,2
DA:11,2
DA:12,0
DA:14,2
DA:15,2
DA:16,1
DA:18,2
DA:19,2
DA:20,2
DA:21,2
DA:22,1
DA:24,2
DA:27,1
LF:19
LH:18
BRDA:11,0,0,0
BRDA:11,0,1,2
BRDA:15,1,0,1
BRDA:15,1,1,1
BRDA:21,2,0,1
BRDA:21,2,1,1
BRF:6
BRH:5
end_of_record
TN:
SF:/mnt/c/Users/nigna/Documents/assessments/andela/wayfarer/server/v1/helpers/idValidator.js
FN:3,tripIdValidator
FN:9,bookingIdValidator
FNF:2
FNH:2
FNDA:12,tripIdValidator
FNDA:7,bookingIdValidator
DA:1,1
DA:3,1
DA:4,12
DA:7,12
DA:9,1
DA:10,7
DA:13,7
DA:15,1
LF:8
LH:8
BRF:0
BRH:0
end_of_record
TN:
SF:/mnt/c/Users/nigna/Documents/assessments/andela/wayfarer/server/v1/helpers/passport.js
FN:11,(anonymous_0)
FN:14,_callee
FNF:2
FNH:2
FNDA:37,(anonymous_0)
FNDA:144,_callee
DA:1,1
DA:2,1
DA:3,1
DA:4,1
DA:7,1
DA:9,1
DA:11,38
DA:14,576
DA:16,36
LF:9
LH:9
BRDA:14,0,0,36
BRDA:14,0,1,36
BRDA:14,0,2,36
BRDA:14,0,3,0
BRDA:14,0,4,0
BRDA:14,0,5,36
BRDA:14,1,0,36
BRDA:14,1,1,0
BRF:8
BRH:5
end_of_record
TN:
SF:/mnt/c/Users/nigna/Documents/assessments/andela/wayfarer/server/v1/helpers/responseHelpers.js
FN:1,responseError
FN:2,responseSuccess
FNF:2
FNH:2
FNDA:31,responseError
FNDA:20,responseSuccess
DA:1,32
DA:2,21
DA:4,1
LF:3
LH:3
BRF:0
BRH:0
end_of_record
TN:
SF:/mnt/c/Users/nigna/Documents/assessments/andela/wayfarer/server/v1/helpers/signToken.js
FN:4,signToken
FNF:1
FNH:1
FNDA:6,signToken
DA:1,1
DA:2,1
DA:4,1
DA:5,6
DA:12,1
LF:5
LH:5
BRF:0
BRH:0
end_of_record
TN:
SF:/mnt/c/Users/nigna/Documents/assessments/andela/wayfarer/server/v1/helpers/validators.js
FNF:0
FNH:0
DA:1,1
DA:3,1
DA:10,1
DA:15,1
DA:25,1
DA:32,1
DA:38,1
DA:42,1
LF:8
LH:8
BRF:0
BRH:0
end_of_record
TN:
SF:/mnt/c/Users/nigna/Documents/assessments/andela/wayfarer/server/v1/middlewares/isAdmin.js
FN:3,isAdmin
FNF:1
FNH:1
FNDA:19,isAdmin
DA:1,1
DA:3,1
DA:4,19
DA:5,0
DA:7,19
DA:9,1
LF:6
LH:5
BRDA:4,0,0,0
BRDA:4,0,1,19
BRF:2
BRH:1
end_of_record
TN:
SF:/mnt/c/Users/nigna/Documents/assessments/andela/wayfarer/server/v1/middlewares/passportJWT.js
FN:6,passportJWT
FN:8,(anonymous_1)
FNF:2
FNH:2
FNDA:37,passportJWT
FNDA:37,(anonymous_1)
DA:1,1
DA:3,1
DA:6,1
DA:8,37
DA:9,37
DA:10,37
DA:11,36
DA:12,36
DA:15,1
LF:9
LH:9
BRDA:9,0,0,0
BRDA:9,0,1,37
BRDA:10,1,0,1
BRDA:10,1,1,36
BRF:4
BRH:3
end_of_record
TN:
SF:/mnt/c/Users/nigna/Documents/assessments/andela/wayfarer/server/v1/middlewares/validationMiddleware.js
FN:5,isValid
FN:14,(anonymous_1)
FNF:2
FNH:2
FNDA:29,isValid
FNDA:29,(anonymous_1)
DA:1,1
DA:2,1
DA:3,1
DA:5,1
DA:7,29
DA:8,29
DA:9,29
DA:11,29
DA:12,29
DA:14,29
DA:15,29
DA:16,14
DA:18,15
DA:19,15
DA:24,1
LF:15
LH:15
BRDA:11,0,0,29
BRDA:11,0,1,0
BRDA:11,1,0,29
BRDA:11,1,1,29
BRDA:15,2,0,14
BRDA:15,2,1,15
BRF:6
BRH:5
end_of_record
TN:
SF:/mnt/c/Users/nigna/Documents/assessments/andela/wayfarer/server/v1/models/bookingModel.js
FN:5,Booking
FN:16,book
FN:28,getOneBooking
FN:28,(anonymous_3)
FN:30,getAllBookings
FN:32,updateBooking
FN:39,deleteBooking
FNF:7
FNH:7
FNDA:4,Booking
FNDA:4,book
FNDA:7,getOneBooking
FNDA:21,(anonymous_3)
FNDA:1,getAllBookings
FNDA:1,updateBooking
FNDA:1,deleteBooking
DA:1,1
DA:2,1
DA:5,1
DA:7,4
DA:8,4
DA:9,4
DA:10,4
DA:11,4
DA:12,4
DA:16,1
DA:17,4
DA:24,4
DA:25,4
DA:28,21
DA:30,2
DA:32,1
DA:33,1
DA:34,1
DA:35,1
DA:36,1
DA:39,1
DA:40,1
DA:41,1
DA:42,1
DA:43,1
DA:46,1
LF:26
LH:26
BRDA:35,0,0,1
BRDA:35,0,1,0
BRF:2
BRH:1
end_of_record
TN:
SF:/mnt/c/Users/nigna/Documents/assessments/andela/wayfarer/server/v1/models/tripModel.js
FN:5,Trip
FN:19,createTrip
FN:35,getOneTrip
FN:36,(anonymous_3)
FN:39,getAllTrips
FN:43,updateTrip
FN:59,deleteTrip
FNF:7
FNH:7
FNDA:6,Trip
FNDA:6,createTrip
FNDA:19,getOneTrip
FNDA:48,(anonymous_3)
FNDA:4,getAllTrips
FNDA:2,updateTrip
FNDA:2,deleteTrip
DA:1,1
DA:2,1
DA:5,1
DA:7,6
DA:8,6
DA:9,6
DA:10,6
DA:11,6
DA:12,6
DA:13,6
DA:14,6
DA:15,6
DA:19,1
DA:20,6
DA:30,6
DA:31,6
DA:35,1
DA:36,48
DA:39,1
DA:40,4
DA:43,1
DA:44,2
DA:45,2
DA:46,2
DA:56,2
DA:59,1
DA:60,2
DA:61,2
DA:62,2
DA:63,2
DA:66,1
LF:31
LH:31
BRDA:21,0,0,6
BRDA:21,0,1,6
BRDA:48,1,0,2
BRDA:48,1,1,1
BRDA:49,2,0,2
BRDA:49,2,1,1
BRDA:50,3,0,2
BRDA:50,3,1,2
BRDA:51,4,0,2
BRDA:51,4,1,2
BRDA:52,5,0,2
BRDA:52,5,1,1
BRDA:53,6,0,2
BRDA:53,6,1,1
BRDA:54,7,0,2
BRDA:54,7,1,1
BRF:16
BRH:16
end_of_record
TN:
SF:/mnt/c/Users/nigna/Documents/assessments/andela/wayfarer/server/v1/models/userModel.js
FN:4,User
FN:16,createUser
FN:29,getOneUser
FN:29,(anonymous_3)
FN:31,getAllUsers
FNF:5
FNH:5
FNDA:3,User
FNDA:3,createUser
FNDA:48,getOneUser
FNDA:54,(anonymous_3)
FNDA:9,getAllUsers
DA:1,1
DA:4,1
DA:6,3
DA:7,3
DA:8,3
DA:9,3
DA:10,3
DA:11,3
DA:12,3
DA:16,1
DA:17,3
DA:25,3
DA:26,3
DA:29,54
DA:31,10
DA:33,1
LF:16
LH:16
BRDA:23,0,0,3
BRDA:23,0,1,2
BRF:2
BRH:2
end_of_record
TN:
SF:/mnt/c/Users/nigna/Documents/assessments/andela/wayfarer/server/v1/routes/default.js
FN:5,(anonymous_0)
FNF:1
FNH:1
FNDA:1,(anonymous_0)
DA:1,1
DA:3,1
DA:5,1
DA:7,1
LF:4
LH:4
BRF:0
BRH:0
end_of_record
TN:
SF:/mnt/c/Users/nigna/Documents/assessments/andela/wayfarer/server/v1/routes/index.js
FNF:0
FNH:0
DA:1,1
DA:2,1
DA:3,1
DA:4,1
DA:5,1
DA:6,1
DA:7,1
DA:8,1
DA:9,1
DA:11,1
DA:15,1
DA:17,1
DA:20,1
DA:21,1
DA:24,1
DA:25,1
DA:26,1
DA:27,1
DA:28,1
DA:29,1
DA:32,1
DA:33,1
DA:34,1
DA:35,1
DA:36,1
DA:39,1
LF:26
LH:26
BRF:0
BRH:0
end_of_record
